<?xml version="1.0" encoding="UTF-8"?>
<testng-results skipped="0" failed="0" ignored="0" total="1" passed="1">
  <reporter-output>
  </reporter-output>
  <suite name="Default suite" duration-ms="45488" started-at="2019-08-31T07:08:35Z" finished-at="2019-08-31T07:09:21Z">
    <groups>
    </groups>
    <test name="Default test" duration-ms="45488" started-at="2019-08-31T07:08:35Z" finished-at="2019-08-31T07:09:21Z">
      <class name="com.How_to_run_Test_in_TestNG.Demo_Double_clicks_on_Element">
        <test-method status="PASS" signature="beforeSuite()[pri:0, instance:com.How_to_run_Test_in_TestNG.Demo_Double_clicks_on_Element@475530b9]" name="beforeSuite" is-config="true" duration-ms="63" started-at="2019-08-31T07:08:35Z" finished-at="2019-08-31T07:08:35Z">
          <reporter-output>
          </reporter-output>
        </test-method> <!-- beforeSuite -->
        <test-method status="PASS" signature="beforeTest()[pri:0, instance:com.How_to_run_Test_in_TestNG.Demo_Double_clicks_on_Element@475530b9]" name="beforeTest" is-config="true" duration-ms="28750" started-at="2019-08-31T07:08:35Z" finished-at="2019-08-31T07:09:04Z">
          <reporter-output>
          </reporter-output>
        </test-method> <!-- beforeTest -->
        <test-method status="PASS" signature="beforeClass()[pri:0, instance:com.How_to_run_Test_in_TestNG.Demo_Double_clicks_on_Element@475530b9]" name="beforeClass" is-config="true" duration-ms="1" started-at="2019-08-31T07:09:04Z" finished-at="2019-08-31T07:09:04Z">
          <reporter-output>
          </reporter-output>
        </test-method> <!-- beforeClass -->
        <test-method status="PASS" signature="beforeMethod()[pri:0, instance:com.How_to_run_Test_in_TestNG.Demo_Double_clicks_on_Element@475530b9]" name="beforeMethod" is-config="true" duration-ms="1" started-at="2019-08-31T07:09:04Z" finished-at="2019-08-31T07:09:04Z">
          <reporter-output>
          </reporter-output>
        </test-method> <!-- beforeMethod -->
        <test-method status="PASS" signature="Double_clicks_on_Element()[pri:0, instance:com.How_to_run_Test_in_TestNG.Demo_Double_clicks_on_Element@475530b9]" name="Double_clicks_on_Element" duration-ms="16651" started-at="2019-08-31T07:09:04Z" finished-at="2019-08-31T07:09:21Z">
          <reporter-output>
          </reporter-output>
        </test-method> <!-- Double_clicks_on_Element -->
        <test-method status="PASS" signature="afterMethod()[pri:0, instance:com.How_to_run_Test_in_TestNG.Demo_Double_clicks_on_Element@475530b9]" name="afterMethod" is-config="true" duration-ms="0" started-at="2019-08-31T07:09:21Z" finished-at="2019-08-31T07:09:21Z">
          <reporter-output>
          </reporter-output>
        </test-method> <!-- afterMethod -->
        <test-method status="PASS" signature="afterClass()[pri:0, instance:com.How_to_run_Test_in_TestNG.Demo_Double_clicks_on_Element@475530b9]" name="afterClass" is-config="true" duration-ms="0" started-at="2019-08-31T07:09:21Z" finished-at="2019-08-31T07:09:21Z">
          <reporter-output>
          </reporter-output>
        </test-method> <!-- afterClass -->
        <test-method status="PASS" signature="afterTest()[pri:0, instance:com.How_to_run_Test_in_TestNG.Demo_Double_clicks_on_Element@475530b9]" name="afterTest" is-config="true" duration-ms="4" started-at="2019-08-31T07:09:21Z" finished-at="2019-08-31T07:09:21Z">
          <reporter-output>
          </reporter-output>
        </test-method> <!-- afterTest -->
        <test-method status="PASS" signature="afterSuite()[pri:0, instance:com.How_to_run_Test_in_TestNG.Demo_Double_clicks_on_Element@475530b9]" name="afterSuite" is-config="true" duration-ms="1" started-at="2019-08-31T07:09:21Z" finished-at="2019-08-31T07:09:21Z">
          <reporter-output>
          </reporter-output>
        </test-method> <!-- afterSuite -->
      </class> <!-- com.How_to_run_Test_in_TestNG.Demo_Double_clicks_on_Element -->
    </test> <!-- Default test -->
  </suite> <!-- Default suite -->
</testng-results>
